# JRE version: OpenJDK Runtime Environment (8.0_212-b04) (build 1.8.0_212-release-1586-b04)
# Java VM: OpenJDK 64-Bit Server VM (25.212-b04 mixed mode windows-amd64 compressed oops)
Heap:
 PSYoungGen      total 495104K, used 383029K [0x00000000e0000000, 0x0000000100000000, 0x0000000100000000)
  eden space 467968K, 78% used [0x00000000e0000000,0x00000000f64e5178,0x00000000fc900000)
  from space 27136K, 64% used [0x00000000fe580000,0x00000000ff6a8358,0x0000000100000000)
  to   space 28160K, 0% used [0x00000000fc900000,0x00000000fc900000,0x00000000fe480000)
 ParOldGen       total 145920K, used 64720K [0x00000000a0000000, 0x00000000a8e80000, 0x00000000e0000000)
  object space 145920K, 44% used [0x00000000a0000000,0x00000000a3f340e8,0x00000000a8e80000)
 Metaspace       used 86915K, capacity 90130K, committed 90516K, reserved 1128448K
  class space    used 11215K, capacity 11886K, committed 11964K, reserved 1048576K
GC Heap History (10 events):
Event: 99.189 GC heap before
{Heap before GC invocations=26 (full 3):
 PSYoungGen      total 471552K, used 464464K [0x00000000e0000000, 0x00000000fe580000, 0x0000000100000000)
  eden space 457216K, 100% used [0x00000000e0000000,0x00000000fbe80000,0x00000000fbe80000)
  from space 14336K, 50% used [0x00000000fd780000,0x00000000fde94060,0x00000000fe580000)
  to   space 19968K, 0% used [0x00000000fbe80000,0x00000000fbe80000,0x00000000fd200000)
 ParOldGen       total 90624K, used 67588K [0x00000000a0000000, 0x00000000a5880000, 0x00000000e0000000)
  object space 90624K, 74% used [0x00000000a0000000,0x00000000a4201258,0x00000000a5880000)
 Metaspace       used 79960K, capacity 83312K, committed 83604K, reserved 1122304K
  class space    used 10675K, capacity 11371K, committed 11452K, reserved 1048576K
Event: 99.287 GC heap after
Heap after GC invocations=26 (full 3):
 PSYoungGen      total 477184K, used 19020K [0x00000000e0000000, 0x0000000100000000, 0x0000000100000000)
  eden space 457216K, 0% used [0x00000000e0000000,0x00000000e0000000,0x00000000fbe80000)
  from space 19968K, 95% used [0x00000000fbe80000,0x00000000fd113078,0x00000000fd200000)
  to   space 22528K, 0% used [0x00000000fea00000,0x00000000fea00000,0x0000000100000000)
 ParOldGen       total 90624K, used 67596K [0x00000000a0000000, 0x00000000a5880000, 0x00000000e0000000)
  object space 90624K, 74% used [0x00000000a0000000,0x00000000a4203258,0x00000000a5880000)
 Metaspace       used 79960K, capacity 83312K, committed 83604K, reserved 1122304K
  class space    used 10675K, capacity 11371K, committed 11452K, reserved 1048576K
}
Event: 106.875 GC heap before
{Heap before GC invocations=27 (full 3):
 PSYoungGen      total 477184K, used 476236K [0x00000000e0000000, 0x0000000100000000, 0x0000000100000000)
  eden space 457216K, 100% used [0x00000000e0000000,0x00000000fbe80000,0x00000000fbe80000)
  from space 19968K, 95% used [0x00000000fbe80000,0x00000000fd113078,0x00000000fd200000)
  to   space 22528K, 0% used [0x00000000fea00000,0x00000000fea00000,0x0000000100000000)
 ParOldGen       total 90624K, used 67596K [0x00000000a0000000, 0x00000000a5880000, 0x00000000e0000000)
  object space 90624K, 74% used [0x00000000a0000000,0x00000000a4203258,0x00000000a5880000)
 Metaspace       used 80405K, capacity 83798K, committed 83860K, reserved 1122304K
  class space    used 10725K, capacity 11416K, committed 11452K, reserved 1048576K
Event: 107.032 GC heap after
Heap after GC invocations=27 (full 3):
 PSYoungGen      total 489472K, used 22499K [0x00000000e0000000, 0x0000000100000000, 0x0000000100000000)
  eden space 466944K, 0% used [0x00000000e0000000,0x00000000e0000000,0x00000000fc800000)
  from space 22528K, 99% used [0x00000000fea00000,0x00000000ffff8c20,0x0000000100000000)
  to   space 28672K, 0% used [0x00000000fc800000,0x00000000fc800000,0x00000000fe400000)
 ParOldGen       total 90624K, used 73822K [0x00000000a0000000, 0x00000000a5880000, 0x00000000e0000000)
  object space 90624K, 81% used [0x00000000a0000000,0x00000000a48179c0,0x00000000a5880000)
 Metaspace       used 80405K, capacity 83798K, committed 83860K, reserved 1122304K
  class space    used 10725K, capacity 11416K, committed 11452K, reserved 1048576K
}
Event: 114.486 GC heap before
{Heap before GC invocations=28 (full 3):
 PSYoungGen      total 489472K, used 489443K [0x00000000e0000000, 0x0000000100000000, 0x0000000100000000)
  eden space 466944K, 100% used [0x00000000e0000000,0x00000000fc800000,0x00000000fc800000)
  from space 22528K, 99% used [0x00000000fea00000,0x00000000ffff8c20,0x0000000100000000)
  to   space 28672K, 0% used [0x00000000fc800000,0x00000000fc800000,0x00000000fe400000)
 ParOldGen       total 90624K, used 73822K [0x00000000a0000000, 0x00000000a5880000, 0x00000000e0000000)
  object space 90624K, 81% used [0x00000000a0000000,0x00000000a48179c0,0x00000000a5880000)
 Metaspace       used 80986K, capacity 84452K, committed 84756K, reserved 1122304K
  class space    used 10793K, capacity 11483K, committed 11580K, reserved 1048576K
Event: 114.575 GC heap after
Heap after GC invocations=28 (full 3):
 PSYoungGen      total 495616K, used 8933K [0x00000000e0000000, 0x0000000100000000, 0x0000000100000000)
  eden space 466944K, 0% used [0x00000000e0000000,0x00000000e0000000,0x00000000fc800000)
  from space 28672K, 31% used [0x00000000fc800000,0x00000000fd0b95e0,0x00000000fe400000)
  to   space 27136K, 0% used [0x00000000fe580000,0x00000000fe580000,0x0000000100000000)
 ParOldGen       total 90624K, used 84628K [0x00000000a0000000, 0x00000000a5880000, 0x00000000e0000000)
  object space 90624K, 93% used [0x00000000a0000000,0x00000000a52a5340,0x00000000a5880000)
 Metaspace       used 80986K, capacity 84452K, committed 84756K, reserved 1122304K
  class space    used 10793K, capacity 11483K, committed 11580K, reserved 1048576K
}
Event: 114.575 GC heap before
{Heap before GC invocations=29 (full 4):
 PSYoungGen      total 495616K, used 8933K [0x00000000e0000000, 0x0000000100000000, 0x0000000100000000)
  eden space 466944K, 0% used [0x00000000e0000000,0x00000000e0000000,0x00000000fc800000)
  from space 28672K, 31% used [0x00000000fc800000,0x00000000fd0b95e0,0x00000000fe400000)
  to   space 27136K, 0% used [0x00000000fe580000,0x00000000fe580000,0x0000000100000000)
 ParOldGen       total 90624K, used 84628K [0x00000000a0000000, 0x00000000a5880000, 0x00000000e0000000)
  object space 90624K, 93% used [0x00000000a0000000,0x00000000a52a5340,0x00000000a5880000)
 Metaspace       used 80986K, capacity 84452K, committed 84756K, reserved 1122304K
  class space    used 10793K, capacity 11483K, committed 11580K, reserved 1048576K
Event: 115.133 GC heap after
Heap after GC invocations=29 (full 4):
 PSYoungGen      total 495616K, used 0K [0x00000000e0000000, 0x0000000100000000, 0x0000000100000000)
  eden space 466944K, 0% used [0x00000000e0000000,0x00000000e0000000,0x00000000fc800000)
  from space 28672K, 0% used [0x00000000fc800000,0x00000000fc800000,0x00000000fe400000)
  to   space 27136K, 0% used [0x00000000fe580000,0x00000000fe580000,0x0000000100000000)
 ParOldGen       total 145920K, used 64712K [0x00000000a0000000, 0x00000000a8e80000, 0x00000000e0000000)
  object space 145920K, 44% used [0x00000000a0000000,0x00000000a3f320e8,0x00000000a8e80000)
 Metaspace       used 80468K, capacity 83456K, committed 84756K, reserved 1122304K
  class space    used 10677K, capacity 11279K, committed 11580K, reserved 1048576K
}
Event: 124.532 GC heap before
{Heap before GC invocations=30 (full 4):
 PSYoungGen      total 495616K, used 466944K [0x00000000e0000000, 0x0000000100000000, 0x0000000100000000)
  eden space 466944K, 100% used [0x00000000e0000000,0x00000000fc800000,0x00000000fc800000)
  from space 28672K, 0% used [0x00000000fc800000,0x00000000fc800000,0x00000000fe400000)
  to   space 27136K, 0% used [0x00000000fe580000,0x00000000fe580000,0x0000000100000000)
 ParOldGen       total 145920K, used 64712K [0x00000000a0000000, 0x00000000a8e80000, 0x00000000e0000000)
  object space 145920K, 44% used [0x00000000a0000000,0x00000000a3f320e8,0x00000000a8e80000)
 Metaspace       used 80497K, capacity 83490K, committed 84756K, reserved 1122304K
  class space    used 10682K, capacity 11312K, committed 11580K, reserved 1048576K
Event: 124.611 GC heap after
Heap after GC invocations=30 (full 4):
 PSYoungGen      total 495104K, used 17568K [0x00000000e0000000, 0x0000000100000000, 0x0000000100000000)
  eden space 467968K, 0% used [0x00000000e0000000,0x00000000e0000000,0x00000000fc900000)
  from space 27136K, 64% used [0x00000000fe580000,0x00000000ff6a8358,0x0000000100000000)
  to   space 28160K, 0% used [0x00000000fc900000,0x00000000fc900000,0x00000000fe480000)
 ParOldGen       total 145920K, used 64720K [0x00000000a0000000, 0x00000000a8e80000, 0x00000000e0000000)
  object space 145920K, 44% used [0x00000000a0000000,0x00000000a3f340e8,0x00000000a8e80000)
 Metaspace       used 80497K, capacity 83490K, committed 84756K, reserved 1122304K
  class space    used 10682K, capacity 11312K, committed 11580K, reserved 1048576K
}

